<?xml version="1.0" encoding="utf-8"?>
<TestRun id="5eb65a2b-a8f1-4a0b-8d5f-ae0481e615b3" name="Kshee@LOSGATOS 2025-10-24 22:11:10" runUser="LOSGATOS\Kshee" xmlns="http://microsoft.com/schemas/VisualStudio/TeamTest/2010">
  <Times creation="2025-10-24T22:11:10.9247681+09:00" queuing="2025-10-24T22:11:10.9247682+09:00" start="2025-10-24T22:11:09.5210906+09:00" finish="2025-10-24T22:11:10.9975284+09:00" />
  <TestSettings name="default" id="17755149-f0c4-468e-ab4f-1a4b71957500">
    <Deployment runDeploymentRoot="Kshee_LOSGATOS_2025-10-24_22_11_10" />
  </TestSettings>
  <Results>
    <UnitTestResult executionId="974df8c4-6a8f-4217-a59e-e74825e3a7d6" testId="58ab0f97-792d-dc1b-5d3c-d57f729508c2" testName="DropSendTo.Tests.LayerManagerTests.Set_Should_Clamp_To_Range" computerName="LOSGATOS" duration="00:00:00.3796919" startTime="2025-10-24T22:11:10.9054200+09:00" endTime="2025-10-24T22:11:10.9054201+09:00" testType="13cdc9d9-ddb5-4fa4-a97d-d965ccfc6d4b" outcome="Passed" testListId="8c84fa94-04c1-424b-9868-57a2d4851a1d" relativeResultsDirectory="974df8c4-6a8f-4217-a59e-e74825e3a7d6" />
    <UnitTestResult executionId="6deaf0d9-7888-4f50-a324-6d752630069c" testId="af4d54a3-438d-92ea-dbb1-e5e74f9fd8fc" testName="DropSendTo.Tests.KeyboardMacroServiceVariableTests.TryApplySetDirective_ShouldSupportVariableInterpolation" computerName="LOSGATOS" duration="00:00:00.0001977" startTime="2025-10-24T22:11:10.9136114+09:00" endTime="2025-10-24T22:11:10.9136114+09:00" testType="13cdc9d9-ddb5-4fa4-a97d-d965ccfc6d4b" outcome="Passed" testListId="8c84fa94-04c1-424b-9868-57a2d4851a1d" relativeResultsDirectory="6deaf0d9-7888-4f50-a324-6d752630069c" />
    <UnitTestResult executionId="ede4df52-52f3-4316-ab65-17e66b923051" testId="f370a183-2074-ce2a-c92d-2c229bbfbbd2" testName="DropSendTo.Tests.PlacementServiceTests.Clamp_Should_Keep_Window_Inside_Bounds" computerName="LOSGATOS" duration="00:00:00.3810621" startTime="2025-10-24T22:11:10.9062143+09:00" endTime="2025-10-24T22:11:10.9062143+09:00" testType="13cdc9d9-ddb5-4fa4-a97d-d965ccfc6d4b" outcome="Passed" testListId="8c84fa94-04c1-424b-9868-57a2d4851a1d" relativeResultsDirectory="ede4df52-52f3-4316-ab65-17e66b923051" />
    <UnitTestResult executionId="025a7691-e9fc-4d7e-85c2-ec70f06f22e3" testId="24b8c9b1-d096-e7a4-326c-e2b8cf926744" testName="DropSendTo.Tests.KeyboardMacroServiceVariableTests.TryApplyMathDirective_ShouldFailOnDivideByZero" computerName="LOSGATOS" duration="00:00:00.0005938" startTime="2025-10-24T22:11:10.9131136+09:00" endTime="2025-10-24T22:11:10.9131137+09:00" testType="13cdc9d9-ddb5-4fa4-a97d-d965ccfc6d4b" outcome="Passed" testListId="8c84fa94-04c1-424b-9868-57a2d4851a1d" relativeResultsDirectory="025a7691-e9fc-4d7e-85c2-ec70f06f22e3" />
    <UnitTestResult executionId="1712b066-14e9-4074-832c-d0901b5cda85" testId="eb8e5975-fa25-8e6b-a22e-825fc123fdea" testName="DropSendTo.Tests.KeyboardMacroServiceVariableTests.TryApplyConcatDirective_ShouldAppendAndExpand" computerName="LOSGATOS" duration="00:00:00.0035534" startTime="2025-10-24T22:11:10.9121863+09:00" endTime="2025-10-24T22:11:10.9121864+09:00" testType="13cdc9d9-ddb5-4fa4-a97d-d965ccfc6d4b" outcome="Passed" testListId="8c84fa94-04c1-424b-9868-57a2d4851a1d" relativeResultsDirectory="1712b066-14e9-4074-832c-d0901b5cda85" />
    <UnitTestResult executionId="f3ab52b9-1860-40aa-926f-02325a321999" testId="7bed8dd1-9c41-7513-509d-7193249d4a35" testName="DropSendTo.Tests.KeyboardMacroServiceMouseCommandTests.TryHandleMouseCommand_ShouldAppendAbsoluteMoveFlags" computerName="LOSGATOS" duration="00:00:00.3840856" startTime="2025-10-24T22:11:10.9121539+09:00" endTime="2025-10-24T22:11:10.9121539+09:00" testType="13cdc9d9-ddb5-4fa4-a97d-d965ccfc6d4b" outcome="Passed" testListId="8c84fa94-04c1-424b-9868-57a2d4851a1d" relativeResultsDirectory="f3ab52b9-1860-40aa-926f-02325a321999" />
    <UnitTestResult executionId="d3531a54-8f68-4c65-b9a4-e5ce08ec7647" testId="12ea2d32-cbcf-2d20-aac6-2c8b036a7475" testName="DropSendTo.Tests.KeyboardMacroServiceKeyParsingTests.TryAppendCombination_ShouldRejectModifierWithoutMainKey" computerName="LOSGATOS" duration="00:00:00.3863763" startTime="2025-10-24T22:11:10.9131855+09:00" endTime="2025-10-24T22:11:10.9131855+09:00" testType="13cdc9d9-ddb5-4fa4-a97d-d965ccfc6d4b" outcome="Passed" testListId="8c84fa94-04c1-424b-9868-57a2d4851a1d" relativeResultsDirectory="d3531a54-8f68-4c65-b9a4-e5ce08ec7647" />
    <UnitTestResult executionId="41444d8a-0be1-48ca-82b2-f34df9ee2531" testId="d727b901-866d-3075-1c2d-b1b9465700bf" testName="DropSendTo.Tests.SlotModelTests.ClickEnabled_Defaults_To_True_And_Persists" computerName="LOSGATOS" duration="00:00:00.4226406" startTime="2025-10-24T22:11:10.9449533+09:00" endTime="2025-10-24T22:11:10.9449534+09:00" testType="13cdc9d9-ddb5-4fa4-a97d-d965ccfc6d4b" outcome="Passed" testListId="8c84fa94-04c1-424b-9868-57a2d4851a1d" relativeResultsDirectory="41444d8a-0be1-48ca-82b2-f34df9ee2531" />
    <UnitTestResult executionId="7613575d-1a70-43e3-90a9-25e087538f65" testId="ca566fea-cfb1-518b-8712-1afdb8674ad4" testName="DropSendTo.Tests.KeyboardMacroServiceVariableTests.TryApplyConcatDirective_ShouldCreateVariableWhenMissing" computerName="LOSGATOS" duration="00:00:00.0001818" startTime="2025-10-24T22:11:10.9132044+09:00" endTime="2025-10-24T22:11:10.9132044+09:00" testType="13cdc9d9-ddb5-4fa4-a97d-d965ccfc6d4b" outcome="Passed" testListId="8c84fa94-04c1-424b-9868-57a2d4851a1d" relativeResultsDirectory="7613575d-1a70-43e3-90a9-25e087538f65" />
    <UnitTestResult executionId="6265fa46-e7fa-45d9-b21f-d8a97c75eb43" testId="a8964ce6-5162-fa38-5617-e0461161c8fe" testName="DropSendTo.Tests.ConfigServiceTests.LoadOrCreate_Should_Migrate_V3_Config_And_Add_Macro_Field" computerName="LOSGATOS" duration="00:00:00.4098404" startTime="2025-10-24T22:11:10.9321839+09:00" endTime="2025-10-24T22:11:10.9321841+09:00" testType="13cdc9d9-ddb5-4fa4-a97d-d965ccfc6d4b" outcome="Passed" testListId="8c84fa94-04c1-424b-9868-57a2d4851a1d" relativeResultsDirectory="6265fa46-e7fa-45d9-b21f-d8a97c75eb43" />
    <UnitTestResult executionId="af583de3-1267-48d7-bb96-26dab7f2b955" testId="01aee85a-68fd-7ea1-326d-c273767f076c" testName="DropSendTo.Tests.KeyboardMacroServiceVariableTests.TryApplyMathDirective_ShouldAddNumbers" computerName="LOSGATOS" duration="00:00:00.0006699" startTime="2025-10-24T22:11:10.9131587+09:00" endTime="2025-10-24T22:11:10.9131587+09:00" testType="13cdc9d9-ddb5-4fa4-a97d-d965ccfc6d4b" outcome="Passed" testListId="8c84fa94-04c1-424b-9868-57a2d4851a1d" relativeResultsDirectory="af583de3-1267-48d7-bb96-26dab7f2b955" />
    <UnitTestResult executionId="4b85db2d-8fbc-4040-b8b5-871f7f796cd2" testId="f4af36c6-dc3e-1510-7606-a8577ae0ad6f" testName="DropSendTo.Tests.ConfigServiceTests.LoadOrCreate_Should_Create_Default_Config_When_Missing" computerName="LOSGATOS" duration="00:00:00.0021656" startTime="2025-10-24T22:11:10.9581867+09:00" endTime="2025-10-24T22:11:10.9581868+09:00" testType="13cdc9d9-ddb5-4fa4-a97d-d965ccfc6d4b" outcome="Passed" testListId="8c84fa94-04c1-424b-9868-57a2d4851a1d" relativeResultsDirectory="4b85db2d-8fbc-4040-b8b5-871f7f796cd2" />
    <UnitTestResult executionId="5fbef28c-e0e8-4cdd-958b-44991a0c5357" testId="69a0ffa2-bcfe-3ec2-9b1d-62f8ea5ec9df" testName="DropSendTo.Tests.KeyboardMacroServiceRepeatTests.TryExpandRepeatBlocks_ShouldFail_WhenEndRepeatIsMissing" computerName="LOSGATOS" duration="00:00:00.3812052" startTime="2025-10-24T22:11:10.9062731+09:00" endTime="2025-10-24T22:11:10.9062732+09:00" testType="13cdc9d9-ddb5-4fa4-a97d-d965ccfc6d4b" outcome="Passed" testListId="8c84fa94-04c1-424b-9868-57a2d4851a1d" relativeResultsDirectory="5fbef28c-e0e8-4cdd-958b-44991a0c5357" />
    <UnitTestResult executionId="da3b4883-7053-47d5-95e9-61391e5b530f" testId="7284f7c2-1e60-a686-5ee9-67bd7514bebb" testName="DropSendTo.Tests.KeyboardMacroServiceVariableTests.TryExpandVariables_ShouldFail_WhenVariableIsMissing" computerName="LOSGATOS" duration="00:00:00.3800664" startTime="2025-10-24T22:11:10.9056042+09:00" endTime="2025-10-24T22:11:10.9056043+09:00" testType="13cdc9d9-ddb5-4fa4-a97d-d965ccfc6d4b" outcome="Passed" testListId="8c84fa94-04c1-424b-9868-57a2d4851a1d" relativeResultsDirectory="da3b4883-7053-47d5-95e9-61391e5b530f" />
    <UnitTestResult executionId="6023eb3a-7627-4fb6-9517-153296083eba" testId="415ea815-3b3a-cc16-6449-28ce52599475" testName="DropSendTo.Tests.SlotModelTests.KeyboardMacroScript_Defaults_To_Empty_And_Persists" computerName="LOSGATOS" duration="00:00:00.0112005" startTime="2025-10-24T22:11:10.9562135+09:00" endTime="2025-10-24T22:11:10.9562136+09:00" testType="13cdc9d9-ddb5-4fa4-a97d-d965ccfc6d4b" outcome="Passed" testListId="8c84fa94-04c1-424b-9868-57a2d4851a1d" relativeResultsDirectory="6023eb3a-7627-4fb6-9517-153296083eba" />
    <UnitTestResult executionId="341521bd-6623-4053-a82d-c021a4ad117e" testId="3a28cb09-0d43-0d0e-0b72-7050c32bd15f" testName="DropSendTo.Tests.ArgumentTemplateExpanderTests.Expand_ReplacesArgsWithQuotedPaths" computerName="LOSGATOS" duration="00:00:00.0001686" startTime="2025-10-24T22:11:10.9120895+09:00" endTime="2025-10-24T22:11:10.9120895+09:00" testType="13cdc9d9-ddb5-4fa4-a97d-d965ccfc6d4b" outcome="Passed" testListId="8c84fa94-04c1-424b-9868-57a2d4851a1d" relativeResultsDirectory="341521bd-6623-4053-a82d-c021a4ad117e" />
    <UnitTestResult executionId="5cd506a5-4f85-437a-b099-8757c9630445" testId="3be50270-2f4b-c9ce-f5a6-52da6e1aece5" testName="DropSendTo.Tests.KeyboardMacroServiceMouseCommandTests.TryHandleMouseCommand_ShouldRejectInvalidArgumentCount" computerName="LOSGATOS" duration="00:00:00.0002685" startTime="2025-10-24T22:11:10.9130461+09:00" endTime="2025-10-24T22:11:10.9130461+09:00" testType="13cdc9d9-ddb5-4fa4-a97d-d965ccfc6d4b" outcome="Passed" testListId="8c84fa94-04c1-424b-9868-57a2d4851a1d" relativeResultsDirectory="5cd506a5-4f85-437a-b099-8757c9630445" />
    <UnitTestResult executionId="f3d14df1-d9f6-403c-aad4-111cb4342bd2" testId="d52f1f87-c223-5426-8aad-c9a90f168d30" testName="DropSendTo.Tests.ArgumentTemplateExpanderTests.Expand_IgnoresMissingClipboard" computerName="LOSGATOS" duration="00:00:00.3790915" startTime="2025-10-24T22:11:10.9037279+09:00" endTime="2025-10-24T22:11:10.9037492+09:00" testType="13cdc9d9-ddb5-4fa4-a97d-d965ccfc6d4b" outcome="Passed" testListId="8c84fa94-04c1-424b-9868-57a2d4851a1d" relativeResultsDirectory="f3d14df1-d9f6-403c-aad4-111cb4342bd2" />
    <UnitTestResult executionId="36cbd11d-0dd6-42b0-b367-93bc313d5349" testId="8b7df9b1-2255-aa82-45b1-1ccbc3a44354" testName="DropSendTo.Tests.KeyboardMacroServiceVariableTests.TryApplyUnsetDirective_ShouldRemoveExistingVariable" computerName="LOSGATOS" duration="00:00:00.0003461" startTime="2025-10-24T22:11:10.9135539+09:00" endTime="2025-10-24T22:11:10.9135540+09:00" testType="13cdc9d9-ddb5-4fa4-a97d-d965ccfc6d4b" outcome="Passed" testListId="8c84fa94-04c1-424b-9868-57a2d4851a1d" relativeResultsDirectory="36cbd11d-0dd6-42b0-b367-93bc313d5349" />
    <UnitTestResult executionId="75dcec44-6f9c-4d25-9bc5-ad565887e0e7" testId="72bc1759-1f8a-b403-99a8-7c5323be8ba1" testName="DropSendTo.Tests.KeyboardMacroServiceRepeatTests.TryExpandRepeatBlocks_ShouldFail_WhenEndRepeatIsUnmatched" computerName="LOSGATOS" duration="00:00:00.0001190" startTime="2025-10-24T22:11:10.9136578+09:00" endTime="2025-10-24T22:11:10.9136579+09:00" testType="13cdc9d9-ddb5-4fa4-a97d-d965ccfc6d4b" outcome="Passed" testListId="8c84fa94-04c1-424b-9868-57a2d4851a1d" relativeResultsDirectory="75dcec44-6f9c-4d25-9bc5-ad565887e0e7" />
    <UnitTestResult executionId="0fe1e8af-c5bd-44df-beb4-cfcde127a22a" testId="140f3ab5-8a15-c712-a4be-375435228634" testName="DropSendTo.Tests.KeyboardMacroServiceVariableTests.TryExpandVariables_ShouldReplacePlaceholders" computerName="LOSGATOS" duration="00:00:00.0001759" startTime="2025-10-24T22:11:10.9122459+09:00" endTime="2025-10-24T22:11:10.9122459+09:00" testType="13cdc9d9-ddb5-4fa4-a97d-d965ccfc6d4b" outcome="Passed" testListId="8c84fa94-04c1-424b-9868-57a2d4851a1d" relativeResultsDirectory="0fe1e8af-c5bd-44df-beb4-cfcde127a22a" />
    <UnitTestResult executionId="981f69de-7d78-41d0-8838-c2c4fb3503c4" testId="8769b13e-eb87-7719-afe2-e56e2cc6e6bf" testName="DropSendTo.Tests.ConfigServiceTests.Save_Should_Obfuscate_Macro_Script_On_Disk" computerName="LOSGATOS" duration="00:00:00.0137811" startTime="2025-10-24T22:11:10.9460298+09:00" endTime="2025-10-24T22:11:10.9460299+09:00" testType="13cdc9d9-ddb5-4fa4-a97d-d965ccfc6d4b" outcome="Passed" testListId="8c84fa94-04c1-424b-9868-57a2d4851a1d" relativeResultsDirectory="981f69de-7d78-41d0-8838-c2c4fb3503c4" />
    <UnitTestResult executionId="489eba78-a451-45b0-81f3-0e844dce5695" testId="f3512a49-a26c-7c0a-5fbc-9ea94d35ff6d" testName="DropSendTo.Tests.UiLayoutBudgetTests.TopBar_Should_Fit_Within_Window_Width" computerName="LOSGATOS" duration="00:00:00.3810796" startTime="2025-10-24T22:11:10.9060905+09:00" endTime="2025-10-24T22:11:10.9060906+09:00" testType="13cdc9d9-ddb5-4fa4-a97d-d965ccfc6d4b" outcome="Passed" testListId="8c84fa94-04c1-424b-9868-57a2d4851a1d" relativeResultsDirectory="489eba78-a451-45b0-81f3-0e844dce5695" />
    <UnitTestResult executionId="7131fb6d-bd1d-4be9-920b-a6e42355a31c" testId="bfe64f23-5fcc-4059-91e4-10b44a0337cc" testName="DropSendTo.Tests.KeyboardMacroServiceRepeatTests.TryExpandRepeatBlocks_ShouldRepeatInnerLines_AsConfigured" computerName="LOSGATOS" duration="00:00:00.0057993" startTime="2025-10-24T22:11:10.9132566+09:00" endTime="2025-10-24T22:11:10.9132567+09:00" testType="13cdc9d9-ddb5-4fa4-a97d-d965ccfc6d4b" outcome="Passed" testListId="8c84fa94-04c1-424b-9868-57a2d4851a1d" relativeResultsDirectory="7131fb6d-bd1d-4be9-920b-a6e42355a31c" />
    <UnitTestResult executionId="6b7924ae-2d14-435d-9ee3-7d1b712d30fe" testId="12fe47cc-568f-0b36-f3f1-bf5c251aa2f3" testName="DropSendTo.Tests.ArgumentTemplateExpanderTests.Expand_ReplacesClipboardArgs_WithQuoting" computerName="LOSGATOS" duration="00:00:00.0005218" startTime="2025-10-24T22:11:10.9119893+09:00" endTime="2025-10-24T22:11:10.9119894+09:00" testType="13cdc9d9-ddb5-4fa4-a97d-d965ccfc6d4b" outcome="Passed" testListId="8c84fa94-04c1-424b-9868-57a2d4851a1d" relativeResultsDirectory="6b7924ae-2d14-435d-9ee3-7d1b712d30fe" />
    <UnitTestResult executionId="76e00ebd-3352-476c-9afb-cb6edec8b66e" testId="92ee54c7-4b18-0487-d931-dc7f39923209" testName="DropSendTo.Tests.KeyboardMacroServiceVariableTests.TryApplySetDirective_ShouldFail_OnInvalidVariableName" computerName="LOSGATOS" duration="00:00:00.0002646" startTime="2025-10-24T22:11:10.9132298+09:00" endTime="2025-10-24T22:11:10.9132298+09:00" testType="13cdc9d9-ddb5-4fa4-a97d-d965ccfc6d4b" outcome="Passed" testListId="8c84fa94-04c1-424b-9868-57a2d4851a1d" relativeResultsDirectory="76e00ebd-3352-476c-9afb-cb6edec8b66e" />
    <UnitTestResult executionId="c20ea566-9457-4312-ae27-5cb7f74e14f0" testId="b67d5b70-d2dc-283a-b6b5-3015942c83eb" testName="DropSendTo.Tests.ArgumentTemplateExpanderTests.Expand_ReplacesClipboardRawText" computerName="LOSGATOS" duration="00:00:00.0001222" startTime="2025-10-24T22:11:10.9120256+09:00" endTime="2025-10-24T22:11:10.9120257+09:00" testType="13cdc9d9-ddb5-4fa4-a97d-d965ccfc6d4b" outcome="Passed" testListId="8c84fa94-04c1-424b-9868-57a2d4851a1d" relativeResultsDirectory="c20ea566-9457-4312-ae27-5cb7f74e14f0" />
    <UnitTestResult executionId="ddf199e2-ceab-43cb-992f-d05dd31463f1" testId="b9b9cbd5-9a13-6881-3f29-1d2020307a8f" testName="DropSendTo.Tests.KeyboardMacroServiceRepeatTests.TryExpandRepeatBlocks_ShouldFail_WhenCountIsInvalid" computerName="LOSGATOS" duration="00:00:00.0001220" startTime="2025-10-24T22:11:10.9136844+09:00" endTime="2025-10-24T22:11:10.9136844+09:00" testType="13cdc9d9-ddb5-4fa4-a97d-d965ccfc6d4b" outcome="Passed" testListId="8c84fa94-04c1-424b-9868-57a2d4851a1d" relativeResultsDirectory="ddf199e2-ceab-43cb-992f-d05dd31463f1" />
    <UnitTestResult executionId="8e64caae-cecd-4132-89d0-64f9e72f6bc4" testId="22ad6b40-76df-23e5-b02a-a5b276d8764e" testName="DropSendTo.Tests.KeyboardMacroServiceMouseCommandTests.TryHandleMouseCommand_ShouldAppendRelativeMove" computerName="LOSGATOS" duration="00:00:00.0005616" startTime="2025-10-24T22:11:10.9121928+09:00" endTime="2025-10-24T22:11:10.9121928+09:00" testType="13cdc9d9-ddb5-4fa4-a97d-d965ccfc6d4b" outcome="Passed" testListId="8c84fa94-04c1-424b-9868-57a2d4851a1d" relativeResultsDirectory="8e64caae-cecd-4132-89d0-64f9e72f6bc4" />
    <UnitTestResult executionId="0c71e7ef-bbf3-4bd2-afd8-62e2f39da1b3" testId="317790fd-8200-3fb7-f916-359935f7302b" testName="DropSendTo.Tests.LayerManagerTests.NextPrev_Should_Cycle_0_3" computerName="LOSGATOS" duration="00:00:00.0002472" startTime="2025-10-24T22:11:10.9119689+09:00" endTime="2025-10-24T22:11:10.9119692+09:00" testType="13cdc9d9-ddb5-4fa4-a97d-d965ccfc6d4b" outcome="Passed" testListId="8c84fa94-04c1-424b-9868-57a2d4851a1d" relativeResultsDirectory="0c71e7ef-bbf3-4bd2-afd8-62e2f39da1b3" />
    <UnitTestResult executionId="2714e9bc-a195-47eb-ae9f-01749dc92787" testId="3a25c2c9-0ee5-143e-0d0f-bbca54e0ef70" testName="DropSendTo.Tests.KeyboardMacroServiceMouseCommandTests.TryHandleMouseCommand_ShouldAddWheelDownWithDefaultSteps" computerName="LOSGATOS" duration="00:00:00.0005642" startTime="2025-10-24T22:11:10.9131417+09:00" endTime="2025-10-24T22:11:10.9131418+09:00" testType="13cdc9d9-ddb5-4fa4-a97d-d965ccfc6d4b" outcome="Passed" testListId="8c84fa94-04c1-424b-9868-57a2d4851a1d" relativeResultsDirectory="2714e9bc-a195-47eb-ae9f-01749dc92787" />
    <UnitTestResult executionId="f28c8181-061b-4b72-8ef9-b21c77beabe5" testId="d6d6e498-94e6-25bc-368a-f7ee8e9401d6" testName="DropSendTo.Tests.KeyboardMacroServiceRepeatTests.TryExpandRepeatBlocks_ShouldAllowZeroRepeat" computerName="LOSGATOS" duration="00:00:00.0001550" startTime="2025-10-24T22:11:10.9137113+09:00" endTime="2025-10-24T22:11:10.9137113+09:00" testType="13cdc9d9-ddb5-4fa4-a97d-d965ccfc6d4b" outcome="Passed" testListId="8c84fa94-04c1-424b-9868-57a2d4851a1d" relativeResultsDirectory="f28c8181-061b-4b72-8ef9-b21c77beabe5" />
    <UnitTestResult executionId="9a155887-04c1-41e8-a6cb-2552dd8f6d8d" testId="28109abb-96ce-baaf-3b18-c9038bc3284f" testName="DropSendTo.Tests.KeyboardMacroServiceRepeatTests.TryExpandRepeatBlocks_ShouldSupportNestedRepeats" computerName="LOSGATOS" duration="00:00:00.0001711" startTime="2025-10-24T22:11:10.9136306+09:00" endTime="2025-10-24T22:11:10.9136307+09:00" testType="13cdc9d9-ddb5-4fa4-a97d-d965ccfc6d4b" outcome="Passed" testListId="8c84fa94-04c1-424b-9868-57a2d4851a1d" relativeResultsDirectory="9a155887-04c1-41e8-a6cb-2552dd8f6d8d" />
    <UnitTestResult executionId="caf91595-8ee7-430c-b4a6-2a4ff401f3a4" testId="a150a4b4-aab2-a67c-9ec6-2e47320022a6" testName="DropSendTo.Tests.KeyboardMacroServiceRepeatTests.TryExpandRepeatBlocks_ShouldFail_WhenRepeatCountIsTooLarge" computerName="LOSGATOS" duration="00:00:00.0001558" startTime="2025-10-24T22:11:10.9135859+09:00" endTime="2025-10-24T22:11:10.9135859+09:00" testType="13cdc9d9-ddb5-4fa4-a97d-d965ccfc6d4b" outcome="Passed" testListId="8c84fa94-04c1-424b-9868-57a2d4851a1d" relativeResultsDirectory="caf91595-8ee7-430c-b4a6-2a4ff401f3a4" />
    <UnitTestResult executionId="d6f73152-af65-4aff-beed-606fb7ccf3f0" testId="891407c4-31f6-5b76-5ea6-c7cf3eb54605" testName="DropSendTo.Tests.KeyboardMacroServiceMouseCommandTests.TryHandleMouseCommand_ShouldAppendDoubleClickSequence" computerName="LOSGATOS" duration="00:00:00.0003567" startTime="2025-10-24T22:11:10.9130829+09:00" endTime="2025-10-24T22:11:10.9130830+09:00" testType="13cdc9d9-ddb5-4fa4-a97d-d965ccfc6d4b" outcome="Passed" testListId="8c84fa94-04c1-424b-9868-57a2d4851a1d" relativeResultsDirectory="d6f73152-af65-4aff-beed-606fb7ccf3f0" />
    <UnitTestResult executionId="c9194159-063b-49da-be92-05089280f4d7" testId="c96a6896-6c7c-0324-62eb-14d702a363cc" testName="DropSendTo.Tests.ConfigServiceTests.Save_Should_Persist_AlwaysOnTop_Flag" computerName="LOSGATOS" duration="00:00:00.0098309" startTime="2025-10-24T22:11:10.9559473+09:00" endTime="2025-10-24T22:11:10.9559474+09:00" testType="13cdc9d9-ddb5-4fa4-a97d-d965ccfc6d4b" outcome="Passed" testListId="8c84fa94-04c1-424b-9868-57a2d4851a1d" relativeResultsDirectory="c9194159-063b-49da-be92-05089280f4d7" />
  </Results>
  <TestDefinitions>
    <UnitTest name="DropSendTo.Tests.KeyboardMacroServiceRepeatTests.TryExpandRepeatBlocks_ShouldRepeatInnerLines_AsConfigured" storage="c:\users\kshee\onedrive\tools\dropsendto\tests\dropsendto.tests\bin\debug\net8.0-windows\dropsendto.tests.dll" id="bfe64f23-5fcc-4059-91e4-10b44a0337cc">
      <Execution id="7131fb6d-bd1d-4be9-920b-a6e42355a31c" />
      <TestMethod codeBase="C:\Users\Kshee\OneDrive\Tools\DropSendTo\tests\DropSendTo.Tests\bin\Debug\net8.0-windows\DropSendTo.Tests.dll" adapterTypeName="executor://xunit/VsTestRunner2/netcoreapp" className="DropSendTo.Tests.KeyboardMacroServiceRepeatTests" name="TryExpandRepeatBlocks_ShouldRepeatInnerLines_AsConfigured" />
    </UnitTest>
    <UnitTest name="DropSendTo.Tests.ConfigServiceTests.Save_Should_Persist_AlwaysOnTop_Flag" storage="c:\users\kshee\onedrive\tools\dropsendto\tests\dropsendto.tests\bin\debug\net8.0-windows\dropsendto.tests.dll" id="c96a6896-6c7c-0324-62eb-14d702a363cc">
      <Execution id="c9194159-063b-49da-be92-05089280f4d7" />
      <TestMethod codeBase="C:\Users\Kshee\OneDrive\Tools\DropSendTo\tests\DropSendTo.Tests\bin\Debug\net8.0-windows\DropSendTo.Tests.dll" adapterTypeName="executor://xunit/VsTestRunner2/netcoreapp" className="DropSendTo.Tests.ConfigServiceTests" name="Save_Should_Persist_AlwaysOnTop_Flag" />
    </UnitTest>
    <UnitTest name="DropSendTo.Tests.KeyboardMacroServiceVariableTests.TryExpandVariables_ShouldReplacePlaceholders" storage="c:\users\kshee\onedrive\tools\dropsendto\tests\dropsendto.tests\bin\debug\net8.0-windows\dropsendto.tests.dll" id="140f3ab5-8a15-c712-a4be-375435228634">
      <Execution id="0fe1e8af-c5bd-44df-beb4-cfcde127a22a" />
      <TestMethod codeBase="C:\Users\Kshee\OneDrive\Tools\DropSendTo\tests\DropSendTo.Tests\bin\Debug\net8.0-windows\DropSendTo.Tests.dll" adapterTypeName="executor://xunit/VsTestRunner2/netcoreapp" className="DropSendTo.Tests.KeyboardMacroServiceVariableTests" name="TryExpandVariables_ShouldReplacePlaceholders" />
    </UnitTest>
    <UnitTest name="DropSendTo.Tests.ArgumentTemplateExpanderTests.Expand_IgnoresMissingClipboard" storage="c:\users\kshee\onedrive\tools\dropsendto\tests\dropsendto.tests\bin\debug\net8.0-windows\dropsendto.tests.dll" id="d52f1f87-c223-5426-8aad-c9a90f168d30">
      <Execution id="f3d14df1-d9f6-403c-aad4-111cb4342bd2" />
      <TestMethod codeBase="C:\Users\Kshee\OneDrive\Tools\DropSendTo\tests\DropSendTo.Tests\bin\Debug\net8.0-windows\DropSendTo.Tests.dll" adapterTypeName="executor://xunit/VsTestRunner2/netcoreapp" className="DropSendTo.Tests.ArgumentTemplateExpanderTests" name="Expand_IgnoresMissingClipboard" />
    </UnitTest>
    <UnitTest name="DropSendTo.Tests.ConfigServiceTests.LoadOrCreate_Should_Create_Default_Config_When_Missing" storage="c:\users\kshee\onedrive\tools\dropsendto\tests\dropsendto.tests\bin\debug\net8.0-windows\dropsendto.tests.dll" id="f4af36c6-dc3e-1510-7606-a8577ae0ad6f">
      <Execution id="4b85db2d-8fbc-4040-b8b5-871f7f796cd2" />
      <TestMethod codeBase="C:\Users\Kshee\OneDrive\Tools\DropSendTo\tests\DropSendTo.Tests\bin\Debug\net8.0-windows\DropSendTo.Tests.dll" adapterTypeName="executor://xunit/VsTestRunner2/netcoreapp" className="DropSendTo.Tests.ConfigServiceTests" name="LoadOrCreate_Should_Create_Default_Config_When_Missing" />
    </UnitTest>
    <UnitTest name="DropSendTo.Tests.PlacementServiceTests.Clamp_Should_Keep_Window_Inside_Bounds" storage="c:\users\kshee\onedrive\tools\dropsendto\tests\dropsendto.tests\bin\debug\net8.0-windows\dropsendto.tests.dll" id="f370a183-2074-ce2a-c92d-2c229bbfbbd2">
      <Execution id="ede4df52-52f3-4316-ab65-17e66b923051" />
      <TestMethod codeBase="C:\Users\Kshee\OneDrive\Tools\DropSendTo\tests\DropSendTo.Tests\bin\Debug\net8.0-windows\DropSendTo.Tests.dll" adapterTypeName="executor://xunit/VsTestRunner2/netcoreapp" className="DropSendTo.Tests.PlacementServiceTests" name="Clamp_Should_Keep_Window_Inside_Bounds" />
    </UnitTest>
    <UnitTest name="DropSendTo.Tests.ArgumentTemplateExpanderTests.Expand_ReplacesClipboardRawText" storage="c:\users\kshee\onedrive\tools\dropsendto\tests\dropsendto.tests\bin\debug\net8.0-windows\dropsendto.tests.dll" id="b67d5b70-d2dc-283a-b6b5-3015942c83eb">
      <Execution id="c20ea566-9457-4312-ae27-5cb7f74e14f0" />
      <TestMethod codeBase="C:\Users\Kshee\OneDrive\Tools\DropSendTo\tests\DropSendTo.Tests\bin\Debug\net8.0-windows\DropSendTo.Tests.dll" adapterTypeName="executor://xunit/VsTestRunner2/netcoreapp" className="DropSendTo.Tests.ArgumentTemplateExpanderTests" name="Expand_ReplacesClipboardRawText" />
    </UnitTest>
    <UnitTest name="DropSendTo.Tests.LayerManagerTests.NextPrev_Should_Cycle_0_3" storage="c:\users\kshee\onedrive\tools\dropsendto\tests\dropsendto.tests\bin\debug\net8.0-windows\dropsendto.tests.dll" id="317790fd-8200-3fb7-f916-359935f7302b">
      <Execution id="0c71e7ef-bbf3-4bd2-afd8-62e2f39da1b3" />
      <TestMethod codeBase="C:\Users\Kshee\OneDrive\Tools\DropSendTo\tests\DropSendTo.Tests\bin\Debug\net8.0-windows\DropSendTo.Tests.dll" adapterTypeName="executor://xunit/VsTestRunner2/netcoreapp" className="DropSendTo.Tests.LayerManagerTests" name="NextPrev_Should_Cycle_0_3" />
    </UnitTest>
    <UnitTest name="DropSendTo.Tests.KeyboardMacroServiceKeyParsingTests.TryAppendCombination_ShouldRejectModifierWithoutMainKey" storage="c:\users\kshee\onedrive\tools\dropsendto\tests\dropsendto.tests\bin\debug\net8.0-windows\dropsendto.tests.dll" id="12ea2d32-cbcf-2d20-aac6-2c8b036a7475">
      <Execution id="d3531a54-8f68-4c65-b9a4-e5ce08ec7647" />
      <TestMethod codeBase="C:\Users\Kshee\OneDrive\Tools\DropSendTo\tests\DropSendTo.Tests\bin\Debug\net8.0-windows\DropSendTo.Tests.dll" adapterTypeName="executor://xunit/VsTestRunner2/netcoreapp" className="DropSendTo.Tests.KeyboardMacroServiceKeyParsingTests" name="TryAppendCombination_ShouldRejectModifierWithoutMainKey" />
    </UnitTest>
    <UnitTest name="DropSendTo.Tests.KeyboardMacroServiceMouseCommandTests.TryHandleMouseCommand_ShouldRejectInvalidArgumentCount" storage="c:\users\kshee\onedrive\tools\dropsendto\tests\dropsendto.tests\bin\debug\net8.0-windows\dropsendto.tests.dll" id="3be50270-2f4b-c9ce-f5a6-52da6e1aece5">
      <Execution id="5cd506a5-4f85-437a-b099-8757c9630445" />
      <TestMethod codeBase="C:\Users\Kshee\OneDrive\Tools\DropSendTo\tests\DropSendTo.Tests\bin\Debug\net8.0-windows\DropSendTo.Tests.dll" adapterTypeName="executor://xunit/VsTestRunner2/netcoreapp" className="DropSendTo.Tests.KeyboardMacroServiceMouseCommandTests" name="TryHandleMouseCommand_ShouldRejectInvalidArgumentCount" />
    </UnitTest>
    <UnitTest name="DropSendTo.Tests.ArgumentTemplateExpanderTests.Expand_ReplacesClipboardArgs_WithQuoting" storage="c:\users\kshee\onedrive\tools\dropsendto\tests\dropsendto.tests\bin\debug\net8.0-windows\dropsendto.tests.dll" id="12fe47cc-568f-0b36-f3f1-bf5c251aa2f3">
      <Execution id="6b7924ae-2d14-435d-9ee3-7d1b712d30fe" />
      <TestMethod codeBase="C:\Users\Kshee\OneDrive\Tools\DropSendTo\tests\DropSendTo.Tests\bin\Debug\net8.0-windows\DropSendTo.Tests.dll" adapterTypeName="executor://xunit/VsTestRunner2/netcoreapp" className="DropSendTo.Tests.ArgumentTemplateExpanderTests" name="Expand_ReplacesClipboardArgs_WithQuoting" />
    </UnitTest>
    <UnitTest name="DropSendTo.Tests.KeyboardMacroServiceVariableTests.TryExpandVariables_ShouldFail_WhenVariableIsMissing" storage="c:\users\kshee\onedrive\tools\dropsendto\tests\dropsendto.tests\bin\debug\net8.0-windows\dropsendto.tests.dll" id="7284f7c2-1e60-a686-5ee9-67bd7514bebb">
      <Execution id="da3b4883-7053-47d5-95e9-61391e5b530f" />
      <TestMethod codeBase="C:\Users\Kshee\OneDrive\Tools\DropSendTo\tests\DropSendTo.Tests\bin\Debug\net8.0-windows\DropSendTo.Tests.dll" adapterTypeName="executor://xunit/VsTestRunner2/netcoreapp" className="DropSendTo.Tests.KeyboardMacroServiceVariableTests" name="TryExpandVariables_ShouldFail_WhenVariableIsMissing" />
    </UnitTest>
    <UnitTest name="DropSendTo.Tests.KeyboardMacroServiceVariableTests.TryApplyMathDirective_ShouldFailOnDivideByZero" storage="c:\users\kshee\onedrive\tools\dropsendto\tests\dropsendto.tests\bin\debug\net8.0-windows\dropsendto.tests.dll" id="24b8c9b1-d096-e7a4-326c-e2b8cf926744">
      <Execution id="025a7691-e9fc-4d7e-85c2-ec70f06f22e3" />
      <TestMethod codeBase="C:\Users\Kshee\OneDrive\Tools\DropSendTo\tests\DropSendTo.Tests\bin\Debug\net8.0-windows\DropSendTo.Tests.dll" adapterTypeName="executor://xunit/VsTestRunner2/netcoreapp" className="DropSendTo.Tests.KeyboardMacroServiceVariableTests" name="TryApplyMathDirective_ShouldFailOnDivideByZero" />
    </UnitTest>
    <UnitTest name="DropSendTo.Tests.KeyboardMacroServiceMouseCommandTests.TryHandleMouseCommand_ShouldAppendDoubleClickSequence" storage="c:\users\kshee\onedrive\tools\dropsendto\tests\dropsendto.tests\bin\debug\net8.0-windows\dropsendto.tests.dll" id="891407c4-31f6-5b76-5ea6-c7cf3eb54605">
      <Execution id="d6f73152-af65-4aff-beed-606fb7ccf3f0" />
      <TestMethod codeBase="C:\Users\Kshee\OneDrive\Tools\DropSendTo\tests\DropSendTo.Tests\bin\Debug\net8.0-windows\DropSendTo.Tests.dll" adapterTypeName="executor://xunit/VsTestRunner2/netcoreapp" className="DropSendTo.Tests.KeyboardMacroServiceMouseCommandTests" name="TryHandleMouseCommand_ShouldAppendDoubleClickSequence" />
    </UnitTest>
    <UnitTest name="DropSendTo.Tests.KeyboardMacroServiceVariableTests.TryApplyMathDirective_ShouldAddNumbers" storage="c:\users\kshee\onedrive\tools\dropsendto\tests\dropsendto.tests\bin\debug\net8.0-windows\dropsendto.tests.dll" id="01aee85a-68fd-7ea1-326d-c273767f076c">
      <Execution id="af583de3-1267-48d7-bb96-26dab7f2b955" />
      <TestMethod codeBase="C:\Users\Kshee\OneDrive\Tools\DropSendTo\tests\DropSendTo.Tests\bin\Debug\net8.0-windows\DropSendTo.Tests.dll" adapterTypeName="executor://xunit/VsTestRunner2/netcoreapp" className="DropSendTo.Tests.KeyboardMacroServiceVariableTests" name="TryApplyMathDirective_ShouldAddNumbers" />
    </UnitTest>
    <UnitTest name="DropSendTo.Tests.UiLayoutBudgetTests.TopBar_Should_Fit_Within_Window_Width" storage="c:\users\kshee\onedrive\tools\dropsendto\tests\dropsendto.tests\bin\debug\net8.0-windows\dropsendto.tests.dll" id="f3512a49-a26c-7c0a-5fbc-9ea94d35ff6d">
      <Execution id="489eba78-a451-45b0-81f3-0e844dce5695" />
      <TestMethod codeBase="C:\Users\Kshee\OneDrive\Tools\DropSendTo\tests\DropSendTo.Tests\bin\Debug\net8.0-windows\DropSendTo.Tests.dll" adapterTypeName="executor://xunit/VsTestRunner2/netcoreapp" className="DropSendTo.Tests.UiLayoutBudgetTests" name="TopBar_Should_Fit_Within_Window_Width" />
    </UnitTest>
    <UnitTest name="DropSendTo.Tests.KeyboardMacroServiceVariableTests.TryApplyConcatDirective_ShouldAppendAndExpand" storage="c:\users\kshee\onedrive\tools\dropsendto\tests\dropsendto.tests\bin\debug\net8.0-windows\dropsendto.tests.dll" id="eb8e5975-fa25-8e6b-a22e-825fc123fdea">
      <Execution id="1712b066-14e9-4074-832c-d0901b5cda85" />
      <TestMethod codeBase="C:\Users\Kshee\OneDrive\Tools\DropSendTo\tests\DropSendTo.Tests\bin\Debug\net8.0-windows\DropSendTo.Tests.dll" adapterTypeName="executor://xunit/VsTestRunner2/netcoreapp" className="DropSendTo.Tests.KeyboardMacroServiceVariableTests" name="TryApplyConcatDirective_ShouldAppendAndExpand" />
    </UnitTest>
    <UnitTest name="DropSendTo.Tests.KeyboardMacroServiceVariableTests.TryApplySetDirective_ShouldSupportVariableInterpolation" storage="c:\users\kshee\onedrive\tools\dropsendto\tests\dropsendto.tests\bin\debug\net8.0-windows\dropsendto.tests.dll" id="af4d54a3-438d-92ea-dbb1-e5e74f9fd8fc">
      <Execution id="6deaf0d9-7888-4f50-a324-6d752630069c" />
      <TestMethod codeBase="C:\Users\Kshee\OneDrive\Tools\DropSendTo\tests\DropSendTo.Tests\bin\Debug\net8.0-windows\DropSendTo.Tests.dll" adapterTypeName="executor://xunit/VsTestRunner2/netcoreapp" className="DropSendTo.Tests.KeyboardMacroServiceVariableTests" name="TryApplySetDirective_ShouldSupportVariableInterpolation" />
    </UnitTest>
    <UnitTest name="DropSendTo.Tests.KeyboardMacroServiceVariableTests.TryApplySetDirective_ShouldFail_OnInvalidVariableName" storage="c:\users\kshee\onedrive\tools\dropsendto\tests\dropsendto.tests\bin\debug\net8.0-windows\dropsendto.tests.dll" id="92ee54c7-4b18-0487-d931-dc7f39923209">
      <Execution id="76e00ebd-3352-476c-9afb-cb6edec8b66e" />
      <TestMethod codeBase="C:\Users\Kshee\OneDrive\Tools\DropSendTo\tests\DropSendTo.Tests\bin\Debug\net8.0-windows\DropSendTo.Tests.dll" adapterTypeName="executor://xunit/VsTestRunner2/netcoreapp" className="DropSendTo.Tests.KeyboardMacroServiceVariableTests" name="TryApplySetDirective_ShouldFail_OnInvalidVariableName" />
    </UnitTest>
    <UnitTest name="DropSendTo.Tests.KeyboardMacroServiceRepeatTests.TryExpandRepeatBlocks_ShouldFail_WhenEndRepeatIsUnmatched" storage="c:\users\kshee\onedrive\tools\dropsendto\tests\dropsendto.tests\bin\debug\net8.0-windows\dropsendto.tests.dll" id="72bc1759-1f8a-b403-99a8-7c5323be8ba1">
      <Execution id="75dcec44-6f9c-4d25-9bc5-ad565887e0e7" />
      <TestMethod codeBase="C:\Users\Kshee\OneDrive\Tools\DropSendTo\tests\DropSendTo.Tests\bin\Debug\net8.0-windows\DropSendTo.Tests.dll" adapterTypeName="executor://xunit/VsTestRunner2/netcoreapp" className="DropSendTo.Tests.KeyboardMacroServiceRepeatTests" name="TryExpandRepeatBlocks_ShouldFail_WhenEndRepeatIsUnmatched" />
    </UnitTest>
    <UnitTest name="DropSendTo.Tests.KeyboardMacroServiceRepeatTests.TryExpandRepeatBlocks_ShouldFail_WhenCountIsInvalid" storage="c:\users\kshee\onedrive\tools\dropsendto\tests\dropsendto.tests\bin\debug\net8.0-windows\dropsendto.tests.dll" id="b9b9cbd5-9a13-6881-3f29-1d2020307a8f">
      <Execution id="ddf199e2-ceab-43cb-992f-d05dd31463f1" />
      <TestMethod codeBase="C:\Users\Kshee\OneDrive\Tools\DropSendTo\tests\DropSendTo.Tests\bin\Debug\net8.0-windows\DropSendTo.Tests.dll" adapterTypeName="executor://xunit/VsTestRunner2/netcoreapp" className="DropSendTo.Tests.KeyboardMacroServiceRepeatTests" name="TryExpandRepeatBlocks_ShouldFail_WhenCountIsInvalid" />
    </UnitTest>
    <UnitTest name="DropSendTo.Tests.ConfigServiceTests.LoadOrCreate_Should_Migrate_V3_Config_And_Add_Macro_Field" storage="c:\users\kshee\onedrive\tools\dropsendto\tests\dropsendto.tests\bin\debug\net8.0-windows\dropsendto.tests.dll" id="a8964ce6-5162-fa38-5617-e0461161c8fe">
      <Execution id="6265fa46-e7fa-45d9-b21f-d8a97c75eb43" />
      <TestMethod codeBase="C:\Users\Kshee\OneDrive\Tools\DropSendTo\tests\DropSendTo.Tests\bin\Debug\net8.0-windows\DropSendTo.Tests.dll" adapterTypeName="executor://xunit/VsTestRunner2/netcoreapp" className="DropSendTo.Tests.ConfigServiceTests" name="LoadOrCreate_Should_Migrate_V3_Config_And_Add_Macro_Field" />
    </UnitTest>
    <UnitTest name="DropSendTo.Tests.ArgumentTemplateExpanderTests.Expand_ReplacesArgsWithQuotedPaths" storage="c:\users\kshee\onedrive\tools\dropsendto\tests\dropsendto.tests\bin\debug\net8.0-windows\dropsendto.tests.dll" id="3a28cb09-0d43-0d0e-0b72-7050c32bd15f">
      <Execution id="341521bd-6623-4053-a82d-c021a4ad117e" />
      <TestMethod codeBase="C:\Users\Kshee\OneDrive\Tools\DropSendTo\tests\DropSendTo.Tests\bin\Debug\net8.0-windows\DropSendTo.Tests.dll" adapterTypeName="executor://xunit/VsTestRunner2/netcoreapp" className="DropSendTo.Tests.ArgumentTemplateExpanderTests" name="Expand_ReplacesArgsWithQuotedPaths" />
    </UnitTest>
    <UnitTest name="DropSendTo.Tests.KeyboardMacroServiceRepeatTests.TryExpandRepeatBlocks_ShouldFail_WhenEndRepeatIsMissing" storage="c:\users\kshee\onedrive\tools\dropsendto\tests\dropsendto.tests\bin\debug\net8.0-windows\dropsendto.tests.dll" id="69a0ffa2-bcfe-3ec2-9b1d-62f8ea5ec9df">
      <Execution id="5fbef28c-e0e8-4cdd-958b-44991a0c5357" />
      <TestMethod codeBase="C:\Users\Kshee\OneDrive\Tools\DropSendTo\tests\DropSendTo.Tests\bin\Debug\net8.0-windows\DropSendTo.Tests.dll" adapterTypeName="executor://xunit/VsTestRunner2/netcoreapp" className="DropSendTo.Tests.KeyboardMacroServiceRepeatTests" name="TryExpandRepeatBlocks_ShouldFail_WhenEndRepeatIsMissing" />
    </UnitTest>
    <UnitTest name="DropSendTo.Tests.SlotModelTests.KeyboardMacroScript_Defaults_To_Empty_And_Persists" storage="c:\users\kshee\onedrive\tools\dropsendto\tests\dropsendto.tests\bin\debug\net8.0-windows\dropsendto.tests.dll" id="415ea815-3b3a-cc16-6449-28ce52599475">
      <Execution id="6023eb3a-7627-4fb6-9517-153296083eba" />
      <TestMethod codeBase="C:\Users\Kshee\OneDrive\Tools\DropSendTo\tests\DropSendTo.Tests\bin\Debug\net8.0-windows\DropSendTo.Tests.dll" adapterTypeName="executor://xunit/VsTestRunner2/netcoreapp" className="DropSendTo.Tests.SlotModelTests" name="KeyboardMacroScript_Defaults_To_Empty_And_Persists" />
    </UnitTest>
    <UnitTest name="DropSendTo.Tests.KeyboardMacroServiceVariableTests.TryApplyConcatDirective_ShouldCreateVariableWhenMissing" storage="c:\users\kshee\onedrive\tools\dropsendto\tests\dropsendto.tests\bin\debug\net8.0-windows\dropsendto.tests.dll" id="ca566fea-cfb1-518b-8712-1afdb8674ad4">
      <Execution id="7613575d-1a70-43e3-90a9-25e087538f65" />
      <TestMethod codeBase="C:\Users\Kshee\OneDrive\Tools\DropSendTo\tests\DropSendTo.Tests\bin\Debug\net8.0-windows\DropSendTo.Tests.dll" adapterTypeName="executor://xunit/VsTestRunner2/netcoreapp" className="DropSendTo.Tests.KeyboardMacroServiceVariableTests" name="TryApplyConcatDirective_ShouldCreateVariableWhenMissing" />
    </UnitTest>
    <UnitTest name="DropSendTo.Tests.KeyboardMacroServiceVariableTests.TryApplyUnsetDirective_ShouldRemoveExistingVariable" storage="c:\users\kshee\onedrive\tools\dropsendto\tests\dropsendto.tests\bin\debug\net8.0-windows\dropsendto.tests.dll" id="8b7df9b1-2255-aa82-45b1-1ccbc3a44354">
      <Execution id="36cbd11d-0dd6-42b0-b367-93bc313d5349" />
      <TestMethod codeBase="C:\Users\Kshee\OneDrive\Tools\DropSendTo\tests\DropSendTo.Tests\bin\Debug\net8.0-windows\DropSendTo.Tests.dll" adapterTypeName="executor://xunit/VsTestRunner2/netcoreapp" className="DropSendTo.Tests.KeyboardMacroServiceVariableTests" name="TryApplyUnsetDirective_ShouldRemoveExistingVariable" />
    </UnitTest>
    <UnitTest name="DropSendTo.Tests.ConfigServiceTests.Save_Should_Obfuscate_Macro_Script_On_Disk" storage="c:\users\kshee\onedrive\tools\dropsendto\tests\dropsendto.tests\bin\debug\net8.0-windows\dropsendto.tests.dll" id="8769b13e-eb87-7719-afe2-e56e2cc6e6bf">
      <Execution id="981f69de-7d78-41d0-8838-c2c4fb3503c4" />
      <TestMethod codeBase="C:\Users\Kshee\OneDrive\Tools\DropSendTo\tests\DropSendTo.Tests\bin\Debug\net8.0-windows\DropSendTo.Tests.dll" adapterTypeName="executor://xunit/VsTestRunner2/netcoreapp" className="DropSendTo.Tests.ConfigServiceTests" name="Save_Should_Obfuscate_Macro_Script_On_Disk" />
    </UnitTest>
    <UnitTest name="DropSendTo.Tests.KeyboardMacroServiceRepeatTests.TryExpandRepeatBlocks_ShouldAllowZeroRepeat" storage="c:\users\kshee\onedrive\tools\dropsendto\tests\dropsendto.tests\bin\debug\net8.0-windows\dropsendto.tests.dll" id="d6d6e498-94e6-25bc-368a-f7ee8e9401d6">
      <Execution id="f28c8181-061b-4b72-8ef9-b21c77beabe5" />
      <TestMethod codeBase="C:\Users\Kshee\OneDrive\Tools\DropSendTo\tests\DropSendTo.Tests\bin\Debug\net8.0-windows\DropSendTo.Tests.dll" adapterTypeName="executor://xunit/VsTestRunner2/netcoreapp" className="DropSendTo.Tests.KeyboardMacroServiceRepeatTests" name="TryExpandRepeatBlocks_ShouldAllowZeroRepeat" />
    </UnitTest>
    <UnitTest name="DropSendTo.Tests.KeyboardMacroServiceRepeatTests.TryExpandRepeatBlocks_ShouldSupportNestedRepeats" storage="c:\users\kshee\onedrive\tools\dropsendto\tests\dropsendto.tests\bin\debug\net8.0-windows\dropsendto.tests.dll" id="28109abb-96ce-baaf-3b18-c9038bc3284f">
      <Execution id="9a155887-04c1-41e8-a6cb-2552dd8f6d8d" />
      <TestMethod codeBase="C:\Users\Kshee\OneDrive\Tools\DropSendTo\tests\DropSendTo.Tests\bin\Debug\net8.0-windows\DropSendTo.Tests.dll" adapterTypeName="executor://xunit/VsTestRunner2/netcoreapp" className="DropSendTo.Tests.KeyboardMacroServiceRepeatTests" name="TryExpandRepeatBlocks_ShouldSupportNestedRepeats" />
    </UnitTest>
    <UnitTest name="DropSendTo.Tests.KeyboardMacroServiceMouseCommandTests.TryHandleMouseCommand_ShouldAppendRelativeMove" storage="c:\users\kshee\onedrive\tools\dropsendto\tests\dropsendto.tests\bin\debug\net8.0-windows\dropsendto.tests.dll" id="22ad6b40-76df-23e5-b02a-a5b276d8764e">
      <Execution id="8e64caae-cecd-4132-89d0-64f9e72f6bc4" />
      <TestMethod codeBase="C:\Users\Kshee\OneDrive\Tools\DropSendTo\tests\DropSendTo.Tests\bin\Debug\net8.0-windows\DropSendTo.Tests.dll" adapterTypeName="executor://xunit/VsTestRunner2/netcoreapp" className="DropSendTo.Tests.KeyboardMacroServiceMouseCommandTests" name="TryHandleMouseCommand_ShouldAppendRelativeMove" />
    </UnitTest>
    <UnitTest name="DropSendTo.Tests.KeyboardMacroServiceMouseCommandTests.TryHandleMouseCommand_ShouldAppendAbsoluteMoveFlags" storage="c:\users\kshee\onedrive\tools\dropsendto\tests\dropsendto.tests\bin\debug\net8.0-windows\dropsendto.tests.dll" id="7bed8dd1-9c41-7513-509d-7193249d4a35">
      <Execution id="f3ab52b9-1860-40aa-926f-02325a321999" />
      <TestMethod codeBase="C:\Users\Kshee\OneDrive\Tools\DropSendTo\tests\DropSendTo.Tests\bin\Debug\net8.0-windows\DropSendTo.Tests.dll" adapterTypeName="executor://xunit/VsTestRunner2/netcoreapp" className="DropSendTo.Tests.KeyboardMacroServiceMouseCommandTests" name="TryHandleMouseCommand_ShouldAppendAbsoluteMoveFlags" />
    </UnitTest>
    <UnitTest name="DropSendTo.Tests.KeyboardMacroServiceRepeatTests.TryExpandRepeatBlocks_ShouldFail_WhenRepeatCountIsTooLarge" storage="c:\users\kshee\onedrive\tools\dropsendto\tests\dropsendto.tests\bin\debug\net8.0-windows\dropsendto.tests.dll" id="a150a4b4-aab2-a67c-9ec6-2e47320022a6">
      <Execution id="caf91595-8ee7-430c-b4a6-2a4ff401f3a4" />
      <TestMethod codeBase="C:\Users\Kshee\OneDrive\Tools\DropSendTo\tests\DropSendTo.Tests\bin\Debug\net8.0-windows\DropSendTo.Tests.dll" adapterTypeName="executor://xunit/VsTestRunner2/netcoreapp" className="DropSendTo.Tests.KeyboardMacroServiceRepeatTests" name="TryExpandRepeatBlocks_ShouldFail_WhenRepeatCountIsTooLarge" />
    </UnitTest>
    <UnitTest name="DropSendTo.Tests.KeyboardMacroServiceMouseCommandTests.TryHandleMouseCommand_ShouldAddWheelDownWithDefaultSteps" storage="c:\users\kshee\onedrive\tools\dropsendto\tests\dropsendto.tests\bin\debug\net8.0-windows\dropsendto.tests.dll" id="3a25c2c9-0ee5-143e-0d0f-bbca54e0ef70">
      <Execution id="2714e9bc-a195-47eb-ae9f-01749dc92787" />
      <TestMethod codeBase="C:\Users\Kshee\OneDrive\Tools\DropSendTo\tests\DropSendTo.Tests\bin\Debug\net8.0-windows\DropSendTo.Tests.dll" adapterTypeName="executor://xunit/VsTestRunner2/netcoreapp" className="DropSendTo.Tests.KeyboardMacroServiceMouseCommandTests" name="TryHandleMouseCommand_ShouldAddWheelDownWithDefaultSteps" />
    </UnitTest>
    <UnitTest name="DropSendTo.Tests.LayerManagerTests.Set_Should_Clamp_To_Range" storage="c:\users\kshee\onedrive\tools\dropsendto\tests\dropsendto.tests\bin\debug\net8.0-windows\dropsendto.tests.dll" id="58ab0f97-792d-dc1b-5d3c-d57f729508c2">
      <Execution id="974df8c4-6a8f-4217-a59e-e74825e3a7d6" />
      <TestMethod codeBase="C:\Users\Kshee\OneDrive\Tools\DropSendTo\tests\DropSendTo.Tests\bin\Debug\net8.0-windows\DropSendTo.Tests.dll" adapterTypeName="executor://xunit/VsTestRunner2/netcoreapp" className="DropSendTo.Tests.LayerManagerTests" name="Set_Should_Clamp_To_Range" />
    </UnitTest>
    <UnitTest name="DropSendTo.Tests.SlotModelTests.ClickEnabled_Defaults_To_True_And_Persists" storage="c:\users\kshee\onedrive\tools\dropsendto\tests\dropsendto.tests\bin\debug\net8.0-windows\dropsendto.tests.dll" id="d727b901-866d-3075-1c2d-b1b9465700bf">
      <Execution id="41444d8a-0be1-48ca-82b2-f34df9ee2531" />
      <TestMethod codeBase="C:\Users\Kshee\OneDrive\Tools\DropSendTo\tests\DropSendTo.Tests\bin\Debug\net8.0-windows\DropSendTo.Tests.dll" adapterTypeName="executor://xunit/VsTestRunner2/netcoreapp" className="DropSendTo.Tests.SlotModelTests" name="ClickEnabled_Defaults_To_True_And_Persists" />
    </UnitTest>
  </TestDefinitions>
  <TestEntries>
    <TestEntry testId="58ab0f97-792d-dc1b-5d3c-d57f729508c2" executionId="974df8c4-6a8f-4217-a59e-e74825e3a7d6" testListId="8c84fa94-04c1-424b-9868-57a2d4851a1d" />
    <TestEntry testId="af4d54a3-438d-92ea-dbb1-e5e74f9fd8fc" executionId="6deaf0d9-7888-4f50-a324-6d752630069c" testListId="8c84fa94-04c1-424b-9868-57a2d4851a1d" />
    <TestEntry testId="f370a183-2074-ce2a-c92d-2c229bbfbbd2" executionId="ede4df52-52f3-4316-ab65-17e66b923051" testListId="8c84fa94-04c1-424b-9868-57a2d4851a1d" />
    <TestEntry testId="24b8c9b1-d096-e7a4-326c-e2b8cf926744" executionId="025a7691-e9fc-4d7e-85c2-ec70f06f22e3" testListId="8c84fa94-04c1-424b-9868-57a2d4851a1d" />
    <TestEntry testId="eb8e5975-fa25-8e6b-a22e-825fc123fdea" executionId="1712b066-14e9-4074-832c-d0901b5cda85" testListId="8c84fa94-04c1-424b-9868-57a2d4851a1d" />
    <TestEntry testId="7bed8dd1-9c41-7513-509d-7193249d4a35" executionId="f3ab52b9-1860-40aa-926f-02325a321999" testListId="8c84fa94-04c1-424b-9868-57a2d4851a1d" />
    <TestEntry testId="12ea2d32-cbcf-2d20-aac6-2c8b036a7475" executionId="d3531a54-8f68-4c65-b9a4-e5ce08ec7647" testListId="8c84fa94-04c1-424b-9868-57a2d4851a1d" />
    <TestEntry testId="d727b901-866d-3075-1c2d-b1b9465700bf" executionId="41444d8a-0be1-48ca-82b2-f34df9ee2531" testListId="8c84fa94-04c1-424b-9868-57a2d4851a1d" />
    <TestEntry testId="ca566fea-cfb1-518b-8712-1afdb8674ad4" executionId="7613575d-1a70-43e3-90a9-25e087538f65" testListId="8c84fa94-04c1-424b-9868-57a2d4851a1d" />
    <TestEntry testId="a8964ce6-5162-fa38-5617-e0461161c8fe" executionId="6265fa46-e7fa-45d9-b21f-d8a97c75eb43" testListId="8c84fa94-04c1-424b-9868-57a2d4851a1d" />
    <TestEntry testId="01aee85a-68fd-7ea1-326d-c273767f076c" executionId="af583de3-1267-48d7-bb96-26dab7f2b955" testListId="8c84fa94-04c1-424b-9868-57a2d4851a1d" />
    <TestEntry testId="f4af36c6-dc3e-1510-7606-a8577ae0ad6f" executionId="4b85db2d-8fbc-4040-b8b5-871f7f796cd2" testListId="8c84fa94-04c1-424b-9868-57a2d4851a1d" />
    <TestEntry testId="69a0ffa2-bcfe-3ec2-9b1d-62f8ea5ec9df" executionId="5fbef28c-e0e8-4cdd-958b-44991a0c5357" testListId="8c84fa94-04c1-424b-9868-57a2d4851a1d" />
    <TestEntry testId="7284f7c2-1e60-a686-5ee9-67bd7514bebb" executionId="da3b4883-7053-47d5-95e9-61391e5b530f" testListId="8c84fa94-04c1-424b-9868-57a2d4851a1d" />
    <TestEntry testId="415ea815-3b3a-cc16-6449-28ce52599475" executionId="6023eb3a-7627-4fb6-9517-153296083eba" testListId="8c84fa94-04c1-424b-9868-57a2d4851a1d" />
    <TestEntry testId="3a28cb09-0d43-0d0e-0b72-7050c32bd15f" executionId="341521bd-6623-4053-a82d-c021a4ad117e" testListId="8c84fa94-04c1-424b-9868-57a2d4851a1d" />
    <TestEntry testId="3be50270-2f4b-c9ce-f5a6-52da6e1aece5" executionId="5cd506a5-4f85-437a-b099-8757c9630445" testListId="8c84fa94-04c1-424b-9868-57a2d4851a1d" />
    <TestEntry testId="d52f1f87-c223-5426-8aad-c9a90f168d30" executionId="f3d14df1-d9f6-403c-aad4-111cb4342bd2" testListId="8c84fa94-04c1-424b-9868-57a2d4851a1d" />
    <TestEntry testId="8b7df9b1-2255-aa82-45b1-1ccbc3a44354" executionId="36cbd11d-0dd6-42b0-b367-93bc313d5349" testListId="8c84fa94-04c1-424b-9868-57a2d4851a1d" />
    <TestEntry testId="72bc1759-1f8a-b403-99a8-7c5323be8ba1" executionId="75dcec44-6f9c-4d25-9bc5-ad565887e0e7" testListId="8c84fa94-04c1-424b-9868-57a2d4851a1d" />
    <TestEntry testId="140f3ab5-8a15-c712-a4be-375435228634" executionId="0fe1e8af-c5bd-44df-beb4-cfcde127a22a" testListId="8c84fa94-04c1-424b-9868-57a2d4851a1d" />
    <TestEntry testId="8769b13e-eb87-7719-afe2-e56e2cc6e6bf" executionId="981f69de-7d78-41d0-8838-c2c4fb3503c4" testListId="8c84fa94-04c1-424b-9868-57a2d4851a1d" />
    <TestEntry testId="f3512a49-a26c-7c0a-5fbc-9ea94d35ff6d" executionId="489eba78-a451-45b0-81f3-0e844dce5695" testListId="8c84fa94-04c1-424b-9868-57a2d4851a1d" />
    <TestEntry testId="bfe64f23-5fcc-4059-91e4-10b44a0337cc" executionId="7131fb6d-bd1d-4be9-920b-a6e42355a31c" testListId="8c84fa94-04c1-424b-9868-57a2d4851a1d" />
    <TestEntry testId="12fe47cc-568f-0b36-f3f1-bf5c251aa2f3" executionId="6b7924ae-2d14-435d-9ee3-7d1b712d30fe" testListId="8c84fa94-04c1-424b-9868-57a2d4851a1d" />
    <TestEntry testId="92ee54c7-4b18-0487-d931-dc7f39923209" executionId="76e00ebd-3352-476c-9afb-cb6edec8b66e" testListId="8c84fa94-04c1-424b-9868-57a2d4851a1d" />
    <TestEntry testId="b67d5b70-d2dc-283a-b6b5-3015942c83eb" executionId="c20ea566-9457-4312-ae27-5cb7f74e14f0" testListId="8c84fa94-04c1-424b-9868-57a2d4851a1d" />
    <TestEntry testId="b9b9cbd5-9a13-6881-3f29-1d2020307a8f" executionId="ddf199e2-ceab-43cb-992f-d05dd31463f1" testListId="8c84fa94-04c1-424b-9868-57a2d4851a1d" />
    <TestEntry testId="22ad6b40-76df-23e5-b02a-a5b276d8764e" executionId="8e64caae-cecd-4132-89d0-64f9e72f6bc4" testListId="8c84fa94-04c1-424b-9868-57a2d4851a1d" />
    <TestEntry testId="317790fd-8200-3fb7-f916-359935f7302b" executionId="0c71e7ef-bbf3-4bd2-afd8-62e2f39da1b3" testListId="8c84fa94-04c1-424b-9868-57a2d4851a1d" />
    <TestEntry testId="3a25c2c9-0ee5-143e-0d0f-bbca54e0ef70" executionId="2714e9bc-a195-47eb-ae9f-01749dc92787" testListId="8c84fa94-04c1-424b-9868-57a2d4851a1d" />
    <TestEntry testId="d6d6e498-94e6-25bc-368a-f7ee8e9401d6" executionId="f28c8181-061b-4b72-8ef9-b21c77beabe5" testListId="8c84fa94-04c1-424b-9868-57a2d4851a1d" />
    <TestEntry testId="28109abb-96ce-baaf-3b18-c9038bc3284f" executionId="9a155887-04c1-41e8-a6cb-2552dd8f6d8d" testListId="8c84fa94-04c1-424b-9868-57a2d4851a1d" />
    <TestEntry testId="a150a4b4-aab2-a67c-9ec6-2e47320022a6" executionId="caf91595-8ee7-430c-b4a6-2a4ff401f3a4" testListId="8c84fa94-04c1-424b-9868-57a2d4851a1d" />
    <TestEntry testId="891407c4-31f6-5b76-5ea6-c7cf3eb54605" executionId="d6f73152-af65-4aff-beed-606fb7ccf3f0" testListId="8c84fa94-04c1-424b-9868-57a2d4851a1d" />
    <TestEntry testId="c96a6896-6c7c-0324-62eb-14d702a363cc" executionId="c9194159-063b-49da-be92-05089280f4d7" testListId="8c84fa94-04c1-424b-9868-57a2d4851a1d" />
  </TestEntries>
  <TestLists>
    <TestList name="一覧に存在しない結果" id="8c84fa94-04c1-424b-9868-57a2d4851a1d" />
    <TestList name="読み込まれたすべての結果" id="19431567-8539-422a-85d7-44ee4e166bda" />
  </TestLists>
  <ResultSummary outcome="Completed">
    <Counters total="36" executed="36" passed="36" failed="0" error="0" timeout="0" aborted="0" inconclusive="0" passedButRunAborted="0" notRunnable="0" notExecuted="0" disconnected="0" warning="0" completed="0" inProgress="0" pending="0" />
    <Output>
      <StdOut>[xUnit.net 00:00:00.00] xUnit.net VSTest Adapter v2.8.2+699d445a1a (64-bit .NET 8.0.21)&#xD;
[xUnit.net 00:00:00.36]   Discovering: DropSendTo.Tests&#xD;
[xUnit.net 00:00:00.38]   Discovered:  DropSendTo.Tests&#xD;
[xUnit.net 00:00:00.38]   Starting:    DropSendTo.Tests&#xD;
[xUnit.net 00:00:00.85]   Finished:    DropSendTo.Tests&#xD;
</StdOut>
    </Output>
  </ResultSummary>
</TestRun>